2024-11-05T20:19:23.079-03:00  INFO 24340 --- [authserver] [main] b.p.authserver.AuthserverApplicationKt   : Starting AuthserverApplicationKt using Java 21.0.4 with PID 24340 (C:\Users\julia\Downloads\authserver09_jwt\build\classes\kotlin\main started by julia in C:\Users\julia\Downloads\authserver09_jwt)
2024-11-05T20:19:23.129-03:00  INFO 24340 --- [authserver] [main] b.p.authserver.AuthserverApplicationKt   : No active profile set, falling back to 1 default profile: "default"
2024-11-05T20:19:29.873-03:00  INFO 24340 --- [authserver] [main] .s.d.r.c.RepositoryConfigurationDelegate : Bootstrapping Spring Data JPA repositories in DEFAULT mode.
2024-11-05T20:19:30.171-03:00  INFO 24340 --- [authserver] [main] .s.d.r.c.RepositoryConfigurationDelegate : Finished Spring Data repository scanning in 258 ms. Found 4 JPA repository interfaces.
2024-11-05T20:19:33.753-03:00  INFO 24340 --- [authserver] [main] o.s.b.w.embedded.tomcat.TomcatWebServer  : Tomcat initialized with port 8080 (http)
2024-11-05T20:19:33.784-03:00  INFO 24340 --- [authserver] [main] o.apache.catalina.core.StandardService   : Starting service [Tomcat]
2024-11-05T20:19:33.800-03:00  INFO 24340 --- [authserver] [main] o.apache.catalina.core.StandardEngine    : Starting Servlet engine: [Apache Tomcat/10.1.26]
2024-11-05T20:19:34.222-03:00  INFO 24340 --- [authserver] [main] o.a.c.c.C.[Tomcat].[localhost].[/api]    : Initializing Spring embedded WebApplicationContext
2024-11-05T20:19:34.222-03:00  INFO 24340 --- [authserver] [main] w.s.c.ServletWebServerApplicationContext : Root WebApplicationContext: initialization completed in 10717 ms
2024-11-05T20:19:34.389-03:00  INFO 24340 --- [authserver] [main] com.zaxxer.hikari.HikariDataSource       : HikariPool-1 - Starting...
2024-11-05T20:19:35.273-03:00  INFO 24340 --- [authserver] [main] com.zaxxer.hikari.pool.HikariPool        : HikariPool-1 - Added connection conn0: url=jdbc:h2:mem:db user=SA
2024-11-05T20:19:35.288-03:00  INFO 24340 --- [authserver] [main] com.zaxxer.hikari.HikariDataSource       : HikariPool-1 - Start completed.
2024-11-05T20:19:35.320-03:00  INFO 24340 --- [authserver] [main] o.s.b.a.h2.H2ConsoleAutoConfiguration    : H2 console available at '/h2-console'. Database available at 'jdbc:h2:mem:db'
2024-11-05T20:19:36.117-03:00  INFO 24340 --- [authserver] [main] o.hibernate.jpa.internal.util.LogHelper  : HHH000204: Processing PersistenceUnitInfo [name: default]
2024-11-05T20:19:36.556-03:00  INFO 24340 --- [authserver] [main] org.hibernate.Version                    : HHH000412: Hibernate ORM core version 6.5.2.Final
2024-11-05T20:19:36.729-03:00  INFO 24340 --- [authserver] [main] o.h.c.internal.RegionFactoryInitiator    : HHH000026: Second-level cache disabled
2024-11-05T20:19:38.440-03:00  INFO 24340 --- [authserver] [main] o.s.o.j.p.SpringPersistenceUnitInfo      : No LoadTimeWeaver setup: ignoring JPA class transformer
2024-11-05T20:19:43.529-03:00  INFO 24340 --- [authserver] [main] o.h.e.t.j.p.i.JtaPlatformInitiator       : HHH000489: No JTA platform available (set 'hibernate.transaction.jta.platform' to enable JTA platform integration)
2024-11-05T20:19:43.807-03:00  INFO 24340 --- [authserver] [main] j.LocalContainerEntityManagerFactoryBean : Initialized JPA EntityManagerFactory for persistence unit 'default'
2024-11-05T20:19:47.044-03:00  INFO 24340 --- [authserver] [main] o.s.d.j.r.query.QueryEnhancerFactory     : Hibernate is in classpath; If applicable, HQL parser will be used.
2024-11-05T20:19:50.370-03:00  WARN 24340 --- [authserver] [main] JpaBaseConfiguration$JpaWebConfiguration : spring.jpa.open-in-view is enabled by default. Therefore, database queries may be performed during view rendering. Explicitly configure spring.jpa.open-in-view to disable this warning
2024-11-05T20:19:51.842-03:00  WARN 24340 --- [authserver] [main] .s.s.UserDetailsServiceAutoConfiguration : 

Using generated security password: 58991de5-4b3d-4912-806f-0385332bb2f7

This generated password is for development use only. Your security configuration must be updated before running your application in production.

2024-11-05T20:19:52.150-03:00  INFO 24340 --- [authserver] [main] r$InitializeUserDetailsManagerConfigurer : Global AuthenticationManager configured with UserDetailsService bean with name inMemoryUserDetailsManager
2024-11-05T20:19:54.195-03:00  INFO 24340 --- [authserver] [main] o.s.b.w.embedded.tomcat.TomcatWebServer  : Tomcat started on port 8080 (http) with context path '/api'
2024-11-05T20:19:55.397-03:00  INFO 24340 --- [authserver] [main] br.pucpr.authserver.Bootstrapper         : ADMIN and USER roles created!
2024-11-05T20:19:55.539-03:00  INFO 24340 --- [authserver] [main] br.pucpr.authserver.Bootstrapper         : ADMIN user created!
2024-11-05T20:19:55.554-03:00  INFO 24340 --- [authserver] [main] b.p.authserver.AuthserverApplicationKt   : Started AuthserverApplicationKt in 35.282 seconds (process running for 44.594)
2024-11-05T20:20:05.011-03:00  INFO 24340 --- [authserver] [http-nio-8080-exec-1] o.a.c.c.C.[Tomcat].[localhost].[/api]    : Initializing Spring DispatcherServlet 'dispatcherServlet'
2024-11-05T20:20:05.011-03:00  INFO 24340 --- [authserver] [http-nio-8080-exec-1] o.s.web.servlet.DispatcherServlet        : Initializing Servlet 'dispatcherServlet'
2024-11-05T20:20:05.030-03:00  INFO 24340 --- [authserver] [http-nio-8080-exec-1] o.s.web.servlet.DispatcherServlet        : Completed initialization in 19 ms
2024-11-05T20:20:18.566-03:00  INFO 24340 --- [authserver] [http-nio-8080-exec-10] o.springdoc.api.AbstractOpenApiResource  : Init duration for springdoc-openapi is: 6530 ms
2024-11-05T20:20:46.579-03:00  INFO 24340 --- [authserver] [http-nio-8080-exec-1] br.pucpr.authserver.users.UserService    : User logged in. id=1 name=Administrador
2024-11-05T20:28:36.650-03:00  INFO 34040 --- [authserver] [main] b.p.authserver.AuthserverApplicationKt   : Starting AuthserverApplicationKt using Java 21.0.4 with PID 34040 (C:\Users\julia\Downloads\authserver09_jwt\build\classes\kotlin\main started by julia in C:\Users\julia\Downloads\authserver09_jwt)
2024-11-05T20:28:36.661-03:00  INFO 34040 --- [authserver] [main] b.p.authserver.AuthserverApplicationKt   : No active profile set, falling back to 1 default profile: "default"
2024-11-05T20:28:44.763-03:00  INFO 34040 --- [authserver] [main] .s.d.r.c.RepositoryConfigurationDelegate : Bootstrapping Spring Data JPA repositories in DEFAULT mode.
2024-11-05T20:28:45.246-03:00  INFO 34040 --- [authserver] [main] .s.d.r.c.RepositoryConfigurationDelegate : Finished Spring Data repository scanning in 420 ms. Found 4 JPA repository interfaces.
2024-11-05T20:28:49.798-03:00  INFO 34040 --- [authserver] [main] o.s.b.w.embedded.tomcat.TomcatWebServer  : Tomcat initialized with port 8080 (http)
2024-11-05T20:28:49.892-03:00  INFO 34040 --- [authserver] [main] o.apache.catalina.core.StandardService   : Starting service [Tomcat]
2024-11-05T20:28:49.892-03:00  INFO 34040 --- [authserver] [main] o.apache.catalina.core.StandardEngine    : Starting Servlet engine: [Apache Tomcat/10.1.26]
2024-11-05T20:28:50.326-03:00  INFO 34040 --- [authserver] [main] o.a.c.c.C.[Tomcat].[localhost].[/api]    : Initializing Spring embedded WebApplicationContext
2024-11-05T20:28:50.326-03:00  INFO 34040 --- [authserver] [main] w.s.c.ServletWebServerApplicationContext : Root WebApplicationContext: initialization completed in 13243 ms
2024-11-05T20:28:50.599-03:00  INFO 34040 --- [authserver] [main] com.zaxxer.hikari.HikariDataSource       : HikariPool-1 - Starting...
2024-11-05T20:28:51.758-03:00  INFO 34040 --- [authserver] [main] com.zaxxer.hikari.pool.HikariPool        : HikariPool-1 - Added connection conn0: url=jdbc:h2:mem:db user=SA
2024-11-05T20:28:51.764-03:00  INFO 34040 --- [authserver] [main] com.zaxxer.hikari.HikariDataSource       : HikariPool-1 - Start completed.
2024-11-05T20:28:51.812-03:00  INFO 34040 --- [authserver] [main] o.s.b.a.h2.H2ConsoleAutoConfiguration    : H2 console available at '/h2-console'. Database available at 'jdbc:h2:mem:db'
2024-11-05T20:28:53.374-03:00  INFO 34040 --- [authserver] [main] o.hibernate.jpa.internal.util.LogHelper  : HHH000204: Processing PersistenceUnitInfo [name: default]
2024-11-05T20:28:54.060-03:00  INFO 34040 --- [authserver] [main] org.hibernate.Version                    : HHH000412: Hibernate ORM core version 6.5.2.Final
2024-11-05T20:28:54.317-03:00  INFO 34040 --- [authserver] [main] o.h.c.internal.RegionFactoryInitiator    : HHH000026: Second-level cache disabled
2024-11-05T20:28:56.310-03:00  INFO 34040 --- [authserver] [main] o.s.o.j.p.SpringPersistenceUnitInfo      : No LoadTimeWeaver setup: ignoring JPA class transformer
2024-11-05T20:29:02.236-03:00  INFO 34040 --- [authserver] [main] o.h.e.t.j.p.i.JtaPlatformInitiator       : HHH000489: No JTA platform available (set 'hibernate.transaction.jta.platform' to enable JTA platform integration)
2024-11-05T20:29:02.678-03:00  INFO 34040 --- [authserver] [main] j.LocalContainerEntityManagerFactoryBean : Initialized JPA EntityManagerFactory for persistence unit 'default'
2024-11-05T20:29:07.363-03:00  INFO 34040 --- [authserver] [main] o.s.d.j.r.query.QueryEnhancerFactory     : Hibernate is in classpath; If applicable, HQL parser will be used.
2024-11-05T20:29:11.370-03:00  WARN 34040 --- [authserver] [main] JpaBaseConfiguration$JpaWebConfiguration : spring.jpa.open-in-view is enabled by default. Therefore, database queries may be performed during view rendering. Explicitly configure spring.jpa.open-in-view to disable this warning
2024-11-05T20:29:13.340-03:00  WARN 34040 --- [authserver] [main] .s.s.UserDetailsServiceAutoConfiguration : 

Using generated security password: cfbb5de7-bc3c-4c3b-b27b-9600a8d7cb64

This generated password is for development use only. Your security configuration must be updated before running your application in production.

2024-11-05T20:29:13.513-03:00  INFO 34040 --- [authserver] [main] r$InitializeUserDetailsManagerConfigurer : Global AuthenticationManager configured with UserDetailsService bean with name inMemoryUserDetailsManager
2024-11-05T20:29:16.465-03:00  INFO 34040 --- [authserver] [main] o.s.b.w.embedded.tomcat.TomcatWebServer  : Tomcat started on port 8080 (http) with context path '/api'
2024-11-05T20:29:17.663-03:00  INFO 34040 --- [authserver] [main] br.pucpr.authserver.Bootstrapper         : ADMIN and USER roles created!
2024-11-05T20:29:17.789-03:00  INFO 34040 --- [authserver] [main] br.pucpr.authserver.Bootstrapper         : ADMIN user created!
2024-11-05T20:29:17.805-03:00  INFO 34040 --- [authserver] [main] b.p.authserver.AuthserverApplicationKt   : Started AuthserverApplicationKt in 43.862 seconds (process running for 46.574)
2024-11-05T20:29:25.104-03:00  INFO 34040 --- [authserver] [http-nio-8080-exec-1] o.a.c.c.C.[Tomcat].[localhost].[/api]    : Initializing Spring DispatcherServlet 'dispatcherServlet'
2024-11-05T20:29:25.104-03:00  INFO 34040 --- [authserver] [http-nio-8080-exec-1] o.s.web.servlet.DispatcherServlet        : Initializing Servlet 'dispatcherServlet'
2024-11-05T20:29:25.120-03:00  INFO 34040 --- [authserver] [http-nio-8080-exec-1] o.s.web.servlet.DispatcherServlet        : Completed initialization in 16 ms
2024-11-05T20:29:33.854-03:00  INFO 34040 --- [authserver] [http-nio-8080-exec-10] o.springdoc.api.AbstractOpenApiResource  : Init duration for springdoc-openapi is: 3750 ms
2024-11-05T20:29:53.812-03:00  INFO 34040 --- [authserver] [http-nio-8080-exec-6] br.pucpr.authserver.users.UserService    : User logged in. id=1 name=Administrador
2024-11-05T20:39:47.094-03:00  INFO 34040 --- [authserver] [SpringApplicationShutdownHook] j.LocalContainerEntityManagerFactoryBean : Closing JPA EntityManagerFactory for persistence unit 'default'
2024-11-05T20:39:47.410-03:00  INFO 34040 --- [authserver] [SpringApplicationShutdownHook] com.zaxxer.hikari.HikariDataSource       : HikariPool-1 - Shutdown initiated...
2024-11-05T20:39:47.473-03:00  INFO 34040 --- [authserver] [SpringApplicationShutdownHook] com.zaxxer.hikari.HikariDataSource       : HikariPool-1 - Shutdown completed.
2024-11-05T20:40:49.122-03:00  INFO 46480 --- [authserver] [main] b.p.authserver.AuthserverApplicationKt   : Starting AuthserverApplicationKt using Java 21.0.4 with PID 46480 (C:\Users\julia\Downloads\authserver09_jwt\build\classes\kotlin\main started by julia in C:\Users\julia\Downloads\authserver09_jwt)
2024-11-05T20:40:49.133-03:00  INFO 46480 --- [authserver] [main] b.p.authserver.AuthserverApplicationKt   : No active profile set, falling back to 1 default profile: "default"
2024-11-05T20:40:55.973-03:00  INFO 46480 --- [authserver] [main] .s.d.r.c.RepositoryConfigurationDelegate : Bootstrapping Spring Data JPA repositories in DEFAULT mode.
2024-11-05T20:40:56.321-03:00  INFO 46480 --- [authserver] [main] .s.d.r.c.RepositoryConfigurationDelegate : Finished Spring Data repository scanning in 314 ms. Found 4 JPA repository interfaces.
2024-11-05T20:41:00.561-03:00  INFO 46480 --- [authserver] [main] o.s.b.w.embedded.tomcat.TomcatWebServer  : Tomcat initialized with port 8080 (http)
2024-11-05T20:41:00.646-03:00  INFO 46480 --- [authserver] [main] o.apache.catalina.core.StandardService   : Starting service [Tomcat]
2024-11-05T20:41:00.647-03:00  INFO 46480 --- [authserver] [main] o.apache.catalina.core.StandardEngine    : Starting Servlet engine: [Apache Tomcat/10.1.26]
2024-11-05T20:41:01.148-03:00  INFO 46480 --- [authserver] [main] o.a.c.c.C.[Tomcat].[localhost].[/api]    : Initializing Spring embedded WebApplicationContext
2024-11-05T20:41:01.149-03:00  INFO 46480 --- [authserver] [main] w.s.c.ServletWebServerApplicationContext : Root WebApplicationContext: initialization completed in 11673 ms
2024-11-05T20:41:01.271-03:00  INFO 46480 --- [authserver] [main] com.zaxxer.hikari.HikariDataSource       : HikariPool-1 - Starting...
2024-11-05T20:41:02.086-03:00  INFO 46480 --- [authserver] [main] com.zaxxer.hikari.pool.HikariPool        : HikariPool-1 - Added connection conn0: url=jdbc:h2:mem:db user=SA
2024-11-05T20:41:02.094-03:00  INFO 46480 --- [authserver] [main] com.zaxxer.hikari.HikariDataSource       : HikariPool-1 - Start completed.
2024-11-05T20:41:02.134-03:00  INFO 46480 --- [authserver] [main] o.s.b.a.h2.H2ConsoleAutoConfiguration    : H2 console available at '/h2-console'. Database available at 'jdbc:h2:mem:db'
2024-11-05T20:41:02.947-03:00  INFO 46480 --- [authserver] [main] o.hibernate.jpa.internal.util.LogHelper  : HHH000204: Processing PersistenceUnitInfo [name: default]
2024-11-05T20:41:03.400-03:00  INFO 46480 --- [authserver] [main] org.hibernate.Version                    : HHH000412: Hibernate ORM core version 6.5.2.Final
2024-11-05T20:41:03.655-03:00  INFO 46480 --- [authserver] [main] o.h.c.internal.RegionFactoryInitiator    : HHH000026: Second-level cache disabled
2024-11-05T20:41:05.254-03:00  INFO 46480 --- [authserver] [main] o.s.o.j.p.SpringPersistenceUnitInfo      : No LoadTimeWeaver setup: ignoring JPA class transformer
2024-11-05T20:41:08.402-03:00  INFO 46480 --- [authserver] [main] o.h.e.t.j.p.i.JtaPlatformInitiator       : HHH000489: No JTA platform available (set 'hibernate.transaction.jta.platform' to enable JTA platform integration)
2024-11-05T20:41:08.550-03:00  INFO 46480 --- [authserver] [main] j.LocalContainerEntityManagerFactoryBean : Initialized JPA EntityManagerFactory for persistence unit 'default'
2024-11-05T20:41:11.040-03:00  INFO 46480 --- [authserver] [main] o.s.d.j.r.query.QueryEnhancerFactory     : Hibernate is in classpath; If applicable, HQL parser will be used.
2024-11-05T20:41:13.459-03:00  WARN 46480 --- [authserver] [main] JpaBaseConfiguration$JpaWebConfiguration : spring.jpa.open-in-view is enabled by default. Therefore, database queries may be performed during view rendering. Explicitly configure spring.jpa.open-in-view to disable this warning
2024-11-05T20:41:14.401-03:00  WARN 46480 --- [authserver] [main] .s.s.UserDetailsServiceAutoConfiguration : 

Using generated security password: 9760f837-cdcb-42cd-82ea-d93f3200f889

This generated password is for development use only. Your security configuration must be updated before running your application in production.

2024-11-05T20:41:14.518-03:00  INFO 46480 --- [authserver] [main] r$InitializeUserDetailsManagerConfigurer : Global AuthenticationManager configured with UserDetailsService bean with name inMemoryUserDetailsManager
2024-11-05T20:41:16.381-03:00  INFO 46480 --- [authserver] [main] o.s.b.w.embedded.tomcat.TomcatWebServer  : Tomcat started on port 8080 (http) with context path '/api'
2024-11-05T20:41:17.091-03:00  INFO 46480 --- [authserver] [main] br.pucpr.authserver.Bootstrapper         : ADMIN and USER roles created!
2024-11-05T20:41:17.180-03:00  INFO 46480 --- [authserver] [main] br.pucpr.authserver.Bootstrapper         : ADMIN user created!
2024-11-05T20:41:17.185-03:00  INFO 46480 --- [authserver] [main] b.p.authserver.AuthserverApplicationKt   : Started AuthserverApplicationKt in 30.23 seconds (process running for 32.721)
2024-11-05T20:42:09.538-03:00  INFO 46480 --- [authserver] [http-nio-8080-exec-2] o.a.c.c.C.[Tomcat].[localhost].[/api]    : Initializing Spring DispatcherServlet 'dispatcherServlet'
2024-11-05T20:42:09.541-03:00  INFO 46480 --- [authserver] [http-nio-8080-exec-2] o.s.web.servlet.DispatcherServlet        : Initializing Servlet 'dispatcherServlet'
2024-11-05T20:42:09.543-03:00  INFO 46480 --- [authserver] [http-nio-8080-exec-2] o.s.web.servlet.DispatcherServlet        : Completed initialization in 2 ms
2024-11-05T20:42:14.578-03:00  INFO 46480 --- [authserver] [http-nio-8080-exec-10] o.springdoc.api.AbstractOpenApiResource  : Init duration for springdoc-openapi is: 3117 ms
2024-11-05T20:42:33.611-03:00  INFO 46480 --- [authserver] [http-nio-8080-exec-6] br.pucpr.authserver.users.UserService    : User logged in. id=1 name=Administrador
2024-11-05T20:43:52.178-03:00  INFO 46480 --- [authserver] [SpringApplicationShutdownHook] j.LocalContainerEntityManagerFactoryBean : Closing JPA EntityManagerFactory for persistence unit 'default'
2024-11-05T20:43:52.206-03:00  INFO 46480 --- [authserver] [SpringApplicationShutdownHook] com.zaxxer.hikari.HikariDataSource       : HikariPool-1 - Shutdown initiated...
2024-11-05T20:43:52.216-03:00  INFO 46480 --- [authserver] [SpringApplicationShutdownHook] com.zaxxer.hikari.HikariDataSource       : HikariPool-1 - Shutdown completed.
2024-11-05T20:44:31.685-03:00  INFO 45756 --- [authserver] [main] b.p.authserver.AuthserverApplicationKt   : Starting AuthserverApplicationKt using Java 21.0.4 with PID 45756 (C:\Users\julia\Downloads\authserver09_jwt\build\classes\kotlin\main started by julia in C:\Users\julia\Downloads\authserver09_jwt)
2024-11-05T20:44:31.701-03:00  INFO 45756 --- [authserver] [main] b.p.authserver.AuthserverApplicationKt   : No active profile set, falling back to 1 default profile: "default"
2024-11-05T20:44:37.997-03:00  INFO 45756 --- [authserver] [main] .s.d.r.c.RepositoryConfigurationDelegate : Bootstrapping Spring Data JPA repositories in DEFAULT mode.
2024-11-05T20:44:38.378-03:00  INFO 45756 --- [authserver] [main] .s.d.r.c.RepositoryConfigurationDelegate : Finished Spring Data repository scanning in 317 ms. Found 4 JPA repository interfaces.
2024-11-05T20:44:41.487-03:00  INFO 45756 --- [authserver] [main] o.s.b.w.embedded.tomcat.TomcatWebServer  : Tomcat initialized with port 8080 (http)
2024-11-05T20:44:41.537-03:00  INFO 45756 --- [authserver] [main] o.apache.catalina.core.StandardService   : Starting service [Tomcat]
2024-11-05T20:44:41.538-03:00  INFO 45756 --- [authserver] [main] o.apache.catalina.core.StandardEngine    : Starting Servlet engine: [Apache Tomcat/10.1.26]
2024-11-05T20:44:41.949-03:00  INFO 45756 --- [authserver] [main] o.a.c.c.C.[Tomcat].[localhost].[/api]    : Initializing Spring embedded WebApplicationContext
2024-11-05T20:44:41.950-03:00  INFO 45756 --- [authserver] [main] w.s.c.ServletWebServerApplicationContext : Root WebApplicationContext: initialization completed in 9886 ms
2024-11-05T20:44:42.146-03:00  INFO 45756 --- [authserver] [main] com.zaxxer.hikari.HikariDataSource       : HikariPool-1 - Starting...
2024-11-05T20:44:42.985-03:00  INFO 45756 --- [authserver] [main] com.zaxxer.hikari.pool.HikariPool        : HikariPool-1 - Added connection conn0: url=jdbc:h2:mem:db user=SA
2024-11-05T20:44:42.991-03:00  INFO 45756 --- [authserver] [main] com.zaxxer.hikari.HikariDataSource       : HikariPool-1 - Start completed.
2024-11-05T20:44:43.026-03:00  INFO 45756 --- [authserver] [main] o.s.b.a.h2.H2ConsoleAutoConfiguration    : H2 console available at '/h2-console'. Database available at 'jdbc:h2:mem:db'
2024-11-05T20:44:43.762-03:00  INFO 45756 --- [authserver] [main] o.hibernate.jpa.internal.util.LogHelper  : HHH000204: Processing PersistenceUnitInfo [name: default]
2024-11-05T20:44:44.076-03:00  INFO 45756 --- [authserver] [main] org.hibernate.Version                    : HHH000412: Hibernate ORM core version 6.5.2.Final
2024-11-05T20:44:44.250-03:00  INFO 45756 --- [authserver] [main] o.h.c.internal.RegionFactoryInitiator    : HHH000026: Second-level cache disabled
2024-11-05T20:44:46.039-03:00  INFO 45756 --- [authserver] [main] o.s.o.j.p.SpringPersistenceUnitInfo      : No LoadTimeWeaver setup: ignoring JPA class transformer
2024-11-05T20:44:51.586-03:00  INFO 45756 --- [authserver] [main] o.h.e.t.j.p.i.JtaPlatformInitiator       : HHH000489: No JTA platform available (set 'hibernate.transaction.jta.platform' to enable JTA platform integration)
2024-11-05T20:44:52.097-03:00  INFO 45756 --- [authserver] [main] j.LocalContainerEntityManagerFactoryBean : Initialized JPA EntityManagerFactory for persistence unit 'default'
2024-11-05T20:44:55.129-03:00  INFO 45756 --- [authserver] [main] o.s.d.j.r.query.QueryEnhancerFactory     : Hibernate is in classpath; If applicable, HQL parser will be used.
2024-11-05T20:44:57.675-03:00  WARN 45756 --- [authserver] [main] JpaBaseConfiguration$JpaWebConfiguration : spring.jpa.open-in-view is enabled by default. Therefore, database queries may be performed during view rendering. Explicitly configure spring.jpa.open-in-view to disable this warning
2024-11-05T20:44:58.581-03:00  WARN 45756 --- [authserver] [main] .s.s.UserDetailsServiceAutoConfiguration : 

Using generated security password: 78c8f749-538e-4d47-91d3-134f39d9cbc9

This generated password is for development use only. Your security configuration must be updated before running your application in production.

2024-11-05T20:44:58.669-03:00  INFO 45756 --- [authserver] [main] r$InitializeUserDetailsManagerConfigurer : Global AuthenticationManager configured with UserDetailsService bean with name inMemoryUserDetailsManager
2024-11-05T20:45:00.271-03:00  INFO 45756 --- [authserver] [main] o.s.b.w.embedded.tomcat.TomcatWebServer  : Tomcat started on port 8080 (http) with context path '/api'
2024-11-05T20:45:01.599-03:00  INFO 45756 --- [authserver] [main] br.pucpr.authserver.Bootstrapper         : ADMIN and USER roles created!
2024-11-05T20:45:01.832-03:00  INFO 45756 --- [authserver] [main] br.pucpr.authserver.Bootstrapper         : ADMIN user created!
2024-11-05T20:45:01.839-03:00  INFO 45756 --- [authserver] [main] b.p.authserver.AuthserverApplicationKt   : Started AuthserverApplicationKt in 32.674 seconds (process running for 35.121)
2024-11-05T20:45:05.756-03:00  INFO 45756 --- [authserver] [http-nio-8080-exec-1] o.a.c.c.C.[Tomcat].[localhost].[/api]    : Initializing Spring DispatcherServlet 'dispatcherServlet'
2024-11-05T20:45:05.757-03:00  INFO 45756 --- [authserver] [http-nio-8080-exec-1] o.s.web.servlet.DispatcherServlet        : Initializing Servlet 'dispatcherServlet'
2024-11-05T20:45:05.760-03:00  INFO 45756 --- [authserver] [http-nio-8080-exec-1] o.s.web.servlet.DispatcherServlet        : Completed initialization in 2 ms
2024-11-05T20:45:11.706-03:00  INFO 45756 --- [authserver] [http-nio-8080-exec-10] o.springdoc.api.AbstractOpenApiResource  : Init duration for springdoc-openapi is: 3872 ms
2024-11-05T20:46:19.178-03:00  INFO 45756 --- [authserver] [http-nio-8080-exec-6] br.pucpr.authserver.users.UserService    : User logged in. id=1 name=Administrador
2024-11-05T20:47:38.243-03:00  INFO 45756 --- [authserver] [http-nio-8080-exec-3] b.p.authserver.products.ProductService   : Product name=Coffee created!
2024-11-05T20:48:07.571-03:00  INFO 45756 --- [authserver] [SpringApplicationShutdownHook] j.LocalContainerEntityManagerFactoryBean : Closing JPA EntityManagerFactory for persistence unit 'default'
2024-11-05T20:48:07.659-03:00  INFO 45756 --- [authserver] [SpringApplicationShutdownHook] com.zaxxer.hikari.HikariDataSource       : HikariPool-1 - Shutdown initiated...
2024-11-05T20:48:07.677-03:00  INFO 45756 --- [authserver] [SpringApplicationShutdownHook] com.zaxxer.hikari.HikariDataSource       : HikariPool-1 - Shutdown completed.
2024-11-05T20:50:04.814-03:00  INFO 44564 --- [authserver] [main] b.p.authserver.AuthserverApplicationKt   : Starting AuthserverApplicationKt using Java 21.0.4 with PID 44564 (C:\Users\julia\Downloads\authserver09_jwt\build\classes\kotlin\main started by julia in C:\Users\julia\Downloads\authserver09_jwt)
2024-11-05T20:50:04.834-03:00  INFO 44564 --- [authserver] [main] b.p.authserver.AuthserverApplicationKt   : No active profile set, falling back to 1 default profile: "default"
2024-11-05T20:50:12.904-03:00  INFO 44564 --- [authserver] [main] .s.d.r.c.RepositoryConfigurationDelegate : Bootstrapping Spring Data JPA repositories in DEFAULT mode.
2024-11-05T20:50:13.461-03:00  INFO 44564 --- [authserver] [main] .s.d.r.c.RepositoryConfigurationDelegate : Finished Spring Data repository scanning in 489 ms. Found 4 JPA repository interfaces.
2024-11-05T20:50:20.022-03:00  INFO 44564 --- [authserver] [main] o.s.b.w.embedded.tomcat.TomcatWebServer  : Tomcat initialized with port 8080 (http)
2024-11-05T20:50:20.180-03:00  INFO 44564 --- [authserver] [main] o.apache.catalina.core.StandardService   : Starting service [Tomcat]
2024-11-05T20:50:20.181-03:00  INFO 44564 --- [authserver] [main] o.apache.catalina.core.StandardEngine    : Starting Servlet engine: [Apache Tomcat/10.1.26]
2024-11-05T20:50:20.803-03:00  INFO 44564 --- [authserver] [main] o.a.c.c.C.[Tomcat].[localhost].[/api]    : Initializing Spring embedded WebApplicationContext
2024-11-05T20:50:20.804-03:00  INFO 44564 --- [authserver] [main] w.s.c.ServletWebServerApplicationContext : Root WebApplicationContext: initialization completed in 15618 ms
2024-11-05T20:50:21.092-03:00  INFO 44564 --- [authserver] [main] com.zaxxer.hikari.HikariDataSource       : HikariPool-1 - Starting...
2024-11-05T20:50:22.574-03:00  INFO 44564 --- [authserver] [main] com.zaxxer.hikari.pool.HikariPool        : HikariPool-1 - Added connection conn0: url=jdbc:h2:mem:db user=SA
2024-11-05T20:50:22.581-03:00  INFO 44564 --- [authserver] [main] com.zaxxer.hikari.HikariDataSource       : HikariPool-1 - Start completed.
2024-11-05T20:50:22.625-03:00  INFO 44564 --- [authserver] [main] o.s.b.a.h2.H2ConsoleAutoConfiguration    : H2 console available at '/h2-console'. Database available at 'jdbc:h2:mem:db'
2024-11-05T20:50:23.500-03:00  INFO 44564 --- [authserver] [main] o.hibernate.jpa.internal.util.LogHelper  : HHH000204: Processing PersistenceUnitInfo [name: default]
2024-11-05T20:50:23.987-03:00  INFO 44564 --- [authserver] [main] org.hibernate.Version                    : HHH000412: Hibernate ORM core version 6.5.2.Final
2024-11-05T20:50:24.167-03:00  INFO 44564 --- [authserver] [main] o.h.c.internal.RegionFactoryInitiator    : HHH000026: Second-level cache disabled
2024-11-05T20:50:26.134-03:00  INFO 44564 --- [authserver] [main] o.s.o.j.p.SpringPersistenceUnitInfo      : No LoadTimeWeaver setup: ignoring JPA class transformer
2024-11-05T20:50:31.016-03:00  INFO 44564 --- [authserver] [main] o.h.e.t.j.p.i.JtaPlatformInitiator       : HHH000489: No JTA platform available (set 'hibernate.transaction.jta.platform' to enable JTA platform integration)
2024-11-05T20:50:31.208-03:00  INFO 44564 --- [authserver] [main] j.LocalContainerEntityManagerFactoryBean : Initialized JPA EntityManagerFactory for persistence unit 'default'
2024-11-05T20:50:34.270-03:00  INFO 44564 --- [authserver] [main] o.s.d.j.r.query.QueryEnhancerFactory     : Hibernate is in classpath; If applicable, HQL parser will be used.
2024-11-05T20:50:37.749-03:00  WARN 44564 --- [authserver] [main] JpaBaseConfiguration$JpaWebConfiguration : spring.jpa.open-in-view is enabled by default. Therefore, database queries may be performed during view rendering. Explicitly configure spring.jpa.open-in-view to disable this warning
2024-11-05T20:50:39.554-03:00  WARN 44564 --- [authserver] [main] .s.s.UserDetailsServiceAutoConfiguration : 

Using generated security password: 7c2063a5-959f-4019-b564-c3df962cb35c

This generated password is for development use only. Your security configuration must be updated before running your application in production.

2024-11-05T20:50:39.685-03:00  INFO 44564 --- [authserver] [main] r$InitializeUserDetailsManagerConfigurer : Global AuthenticationManager configured with UserDetailsService bean with name inMemoryUserDetailsManager
2024-11-05T20:50:42.212-03:00  INFO 44564 --- [authserver] [main] o.s.b.w.embedded.tomcat.TomcatWebServer  : Tomcat started on port 8080 (http) with context path '/api'
2024-11-05T20:50:43.186-03:00  INFO 44564 --- [authserver] [main] br.pucpr.authserver.Bootstrapper         : ADMIN and USER roles created!
2024-11-05T20:50:43.284-03:00  INFO 44564 --- [authserver] [main] br.pucpr.authserver.Bootstrapper         : ADMIN user created!
2024-11-05T20:50:43.292-03:00  INFO 44564 --- [authserver] [main] b.p.authserver.AuthserverApplicationKt   : Started AuthserverApplicationKt in 40.682 seconds (process running for 43.015)
2024-11-05T20:50:47.233-03:00  INFO 44564 --- [authserver] [http-nio-8080-exec-2] o.a.c.c.C.[Tomcat].[localhost].[/api]    : Initializing Spring DispatcherServlet 'dispatcherServlet'
2024-11-05T20:50:47.238-03:00  INFO 44564 --- [authserver] [http-nio-8080-exec-2] o.s.web.servlet.DispatcherServlet        : Initializing Servlet 'dispatcherServlet'
2024-11-05T20:50:47.257-03:00  INFO 44564 --- [authserver] [http-nio-8080-exec-2] o.s.web.servlet.DispatcherServlet        : Completed initialization in 15 ms
2024-11-05T20:50:52.405-03:00  INFO 44564 --- [authserver] [http-nio-8080-exec-4] o.springdoc.api.AbstractOpenApiResource  : Init duration for springdoc-openapi is: 2710 ms
2024-11-05T20:51:18.745-03:00  INFO 44564 --- [authserver] [http-nio-8080-exec-10] br.pucpr.authserver.users.UserService    : User logged in. id=1 name=Administrador
2024-11-05T20:51:54.663-03:00 ERROR 44564 --- [authserver] [http-nio-8080-exec-9] o.a.c.c.C.[.[.[.[dispatcherServlet]      : Servlet.service() for servlet [dispatcherServlet] in context with path [/api] threw exception [Handler dispatch failed: java.lang.NoSuchMethodError: 'br.pucpr.authserver.products.Product br.pucpr.authserver.products.ProductService.insert(br.pucpr.authserver.products.Product)'] with root cause

java.lang.NoSuchMethodError: 'br.pucpr.authserver.products.Product br.pucpr.authserver.products.ProductService.insert(br.pucpr.authserver.products.Product)'
	at br.pucpr.authserver.products.ProductController.insert(ProductController.kt:27) ~[main/:na]
	at java.base/jdk.internal.reflect.DirectMethodHandleAccessor.invoke(DirectMethodHandleAccessor.java:103) ~[na:na]
	at java.base/java.lang.reflect.Method.invoke(Method.java:580) ~[na:na]
	at org.springframework.aop.support.AopUtils.invokeJoinpointUsingReflection(AopUtils.java:354) ~[spring-aop-6.1.11.jar:6.1.11]
	at org.springframework.aop.framework.ReflectiveMethodInvocation.invokeJoinpoint(ReflectiveMethodInvocation.java:196) ~[spring-aop-6.1.11.jar:6.1.11]
	at org.springframework.aop.framework.ReflectiveMethodInvocation.proceed(ReflectiveMethodInvocation.java:163) ~[spring-aop-6.1.11.jar:6.1.11]
	at org.springframework.aop.framework.CglibAopProxy$CglibMethodInvocation.proceed(CglibAopProxy.java:768) ~[spring-aop-6.1.11.jar:6.1.11]
	at org.springframework.security.authorization.method.AuthorizationManagerBeforeMethodInterceptor.proceed(AuthorizationManagerBeforeMethodInterceptor.java:269) ~[spring-security-core-6.3.1.jar:6.3.1]
	at org.springframework.security.authorization.method.AuthorizationManagerBeforeMethodInterceptor.attemptAuthorization(AuthorizationManagerBeforeMethodInterceptor.java:264) ~[spring-security-core-6.3.1.jar:6.3.1]
	at org.springframework.security.authorization.method.AuthorizationManagerBeforeMethodInterceptor.invoke(AuthorizationManagerBeforeMethodInterceptor.java:197) ~[spring-security-core-6.3.1.jar:6.3.1]
	at org.springframework.security.config.annotation.method.configuration.PrePostMethodSecurityConfiguration$DeferringMethodInterceptor.invoke(PrePostMethodSecurityConfiguration.java:200) ~[spring-security-config-6.3.1.jar:6.3.1]
	at org.springframework.aop.framework.ReflectiveMethodInvocation.proceed(ReflectiveMethodInvocation.java:184) ~[spring-aop-6.1.11.jar:6.1.11]
	at org.springframework.aop.framework.CglibAopProxy$CglibMethodInvocation.proceed(CglibAopProxy.java:768) ~[spring-aop-6.1.11.jar:6.1.11]
	at org.springframework.aop.framework.CglibAopProxy$DynamicAdvisedInterceptor.intercept(CglibAopProxy.java:720) ~[spring-aop-6.1.11.jar:6.1.11]
	at br.pucpr.authserver.products.ProductController$$SpringCGLIB$$0.insert(<generated>) ~[main/:na]
	at java.base/jdk.internal.reflect.DirectMethodHandleAccessor.invoke(DirectMethodHandleAccessor.java:103) ~[na:na]
	at java.base/java.lang.reflect.Method.invoke(Method.java:580) ~[na:na]
	at kotlin.reflect.jvm.internal.calls.CallerImpl$Method.callMethod(CallerImpl.kt:97) ~[kotlin-reflect-1.9.24.jar:1.9.24-release-822]
	at kotlin.reflect.jvm.internal.calls.CallerImpl$Method$Instance.call(CallerImpl.kt:113) ~[kotlin-reflect-1.9.24.jar:1.9.24-release-822]
	at kotlin.reflect.jvm.internal.KCallableImpl.callDefaultMethod$kotlin_reflection(KCallableImpl.kt:207) ~[kotlin-reflect-1.9.24.jar:1.9.24-release-822]
	at kotlin.reflect.jvm.internal.KCallableImpl.callBy(KCallableImpl.kt:112) ~[kotlin-reflect-1.9.24.jar:1.9.24-release-822]
	at org.springframework.web.method.support.InvocableHandlerMethod$KotlinDelegate.invokeFunction(InvocableHandlerMethod.java:334) ~[spring-web-6.1.11.jar:6.1.11]
	at org.springframework.web.method.support.InvocableHandlerMethod.doInvoke(InvocableHandlerMethod.java:252) ~[spring-web-6.1.11.jar:6.1.11]
	at org.springframework.web.method.support.InvocableHandlerMethod.invokeForRequest(InvocableHandlerMethod.java:188) ~[spring-web-6.1.11.jar:6.1.11]
	at org.springframework.web.servlet.mvc.method.annotation.ServletInvocableHandlerMethod.invokeAndHandle(ServletInvocableHandlerMethod.java:118) ~[spring-webmvc-6.1.11.jar:6.1.11]
	at org.springframework.web.servlet.mvc.method.annotation.RequestMappingHandlerAdapter.invokeHandlerMethod(RequestMappingHandlerAdapter.java:926) ~[spring-webmvc-6.1.11.jar:6.1.11]
	at org.springframework.web.servlet.mvc.method.annotation.RequestMappingHandlerAdapter.handleInternal(RequestMappingHandlerAdapter.java:831) ~[spring-webmvc-6.1.11.jar:6.1.11]
	at org.springframework.web.servlet.mvc.method.AbstractHandlerMethodAdapter.handle(AbstractHandlerMethodAdapter.java:87) ~[spring-webmvc-6.1.11.jar:6.1.11]
	at org.springframework.web.servlet.DispatcherServlet.doDispatch(DispatcherServlet.java:1089) ~[spring-webmvc-6.1.11.jar:6.1.11]
	at org.springframework.web.servlet.DispatcherServlet.doService(DispatcherServlet.java:979) ~[spring-webmvc-6.1.11.jar:6.1.11]
	at org.springframework.web.servlet.FrameworkServlet.processRequest(FrameworkServlet.java:1014) ~[spring-webmvc-6.1.11.jar:6.1.11]
	at org.springframework.web.servlet.FrameworkServlet.doPost(FrameworkServlet.java:914) ~[spring-webmvc-6.1.11.jar:6.1.11]
	at jakarta.servlet.http.HttpServlet.service(HttpServlet.java:590) ~[tomcat-embed-core-10.1.26.jar:10.1.26]
	at org.springframework.web.servlet.FrameworkServlet.service(FrameworkServlet.java:885) ~[spring-webmvc-6.1.11.jar:6.1.11]
	at jakarta.servlet.http.HttpServlet.service(HttpServlet.java:658) ~[tomcat-embed-core-10.1.26.jar:10.1.26]
	at org.apache.catalina.core.ApplicationFilterChain.internalDoFilter(ApplicationFilterChain.java:195) ~[tomcat-embed-core-10.1.26.jar:10.1.26]
	at org.apache.catalina.core.ApplicationFilterChain.doFilter(ApplicationFilterChain.java:140) ~[tomcat-embed-core-10.1.26.jar:10.1.26]
	at org.apache.tomcat.websocket.server.WsFilter.doFilter(WsFilter.java:51) ~[tomcat-embed-websocket-10.1.26.jar:10.1.26]
	at org.apache.catalina.core.ApplicationFilterChain.internalDoFilter(ApplicationFilterChain.java:164) ~[tomcat-embed-core-10.1.26.jar:10.1.26]
	at org.apache.catalina.core.ApplicationFilterChain.doFilter(ApplicationFilterChain.java:140) ~[tomcat-embed-core-10.1.26.jar:10.1.26]
	at org.springframework.web.filter.OncePerRequestFilter.doFilter(OncePerRequestFilter.java:110) ~[spring-web-6.1.11.jar:6.1.11]
	at org.apache.catalina.core.ApplicationFilterChain.internalDoFilter(ApplicationFilterChain.java:164) ~[tomcat-embed-core-10.1.26.jar:10.1.26]
	at org.apache.catalina.core.ApplicationFilterChain.doFilter(ApplicationFilterChain.java:140) ~[tomcat-embed-core-10.1.26.jar:10.1.26]
	at br.pucpr.authserver.security.JwtTokenFilter.doFilter(JwtTokenFilter.kt:18) ~[main/:na]
	at org.apache.catalina.core.ApplicationFilterChain.internalDoFilter(ApplicationFilterChain.java:164) ~[tomcat-embed-core-10.1.26.jar:10.1.26]
	at org.apache.catalina.core.ApplicationFilterChain.doFilter(ApplicationFilterChain.java:140) ~[tomcat-embed-core-10.1.26.jar:10.1.26]
	at org.springframework.web.filter.CompositeFilter$VirtualFilterChain.doFilter(CompositeFilter.java:108) ~[spring-web-6.1.11.jar:6.1.11]
	at org.springframework.security.web.FilterChainProxy.lambda$doFilterInternal$3(FilterChainProxy.java:231) ~[spring-security-web-6.3.1.jar:6.3.1]
	at org.springframework.security.web.FilterChainProxy$VirtualFilterChain.doFilter(FilterChainProxy.java:365) ~[spring-security-web-6.3.1.jar:6.3.1]
	at org.springframework.security.web.access.intercept.AuthorizationFilter.doFilter(AuthorizationFilter.java:100) ~[spring-security-web-6.3.1.jar:6.3.1]
	at org.springframework.security.web.FilterChainProxy$VirtualFilterChain.doFilter(FilterChainProxy.java:374) ~[spring-security-web-6.3.1.jar:6.3.1]
	at org.springframework.security.web.access.ExceptionTranslationFilter.doFilter(ExceptionTranslationFilter.java:126) ~[spring-security-web-6.3.1.jar:6.3.1]
	at org.springframework.security.web.access.ExceptionTranslationFilter.doFilter(ExceptionTranslationFilter.java:120) ~[spring-security-web-6.3.1.jar:6.3.1]
	at org.springframework.security.web.FilterChainProxy$VirtualFilterChain.doFilter(FilterChainProxy.java:374) ~[spring-security-web-6.3.1.jar:6.3.1]
	at org.springframework.security.web.session.SessionManagementFilter.doFilter(SessionManagementFilter.java:131) ~[spring-security-web-6.3.1.jar:6.3.1]
	at org.springframework.security.web.session.SessionManagementFilter.doFilter(SessionManagementFilter.java:85) ~[spring-security-web-6.3.1.jar:6.3.1]
	at org.springframework.security.web.FilterChainProxy$VirtualFilterChain.doFilter(FilterChainProxy.java:374) ~[spring-security-web-6.3.1.jar:6.3.1]
	at org.springframework.security.web.authentication.AnonymousAuthenticationFilter.doFilter(AnonymousAuthenticationFilter.java:100) ~[spring-security-web-6.3.1.jar:6.3.1]
	at org.springframework.security.web.FilterChainProxy$VirtualFilterChain.doFilter(FilterChainProxy.java:374) ~[spring-security-web-6.3.1.jar:6.3.1]
	at org.springframework.security.web.servletapi.SecurityContextHolderAwareRequestFilter.doFilter(SecurityContextHolderAwareRequestFilter.java:179) ~[spring-security-web-6.3.1.jar:6.3.1]
	at org.springframework.security.web.FilterChainProxy$VirtualFilterChain.doFilter(FilterChainProxy.java:374) ~[spring-security-web-6.3.1.jar:6.3.1]
	at org.springframework.security.web.savedrequest.RequestCacheAwareFilter.doFilter(RequestCacheAwareFilter.java:63) ~[spring-security-web-6.3.1.jar:6.3.1]
	at org.springframework.security.web.FilterChainProxy$VirtualFilterChain.doFilter(FilterChainProxy.java:374) ~[spring-security-web-6.3.1.jar:6.3.1]
	at br.pucpr.authserver.security.JwtTokenFilter.doFilter(JwtTokenFilter.kt:18) ~[main/:na]
	at org.springframework.security.web.FilterChainProxy$VirtualFilterChain.doFilter(FilterChainProxy.java:374) ~[spring-security-web-6.3.1.jar:6.3.1]
	at org.springframework.security.web.authentication.logout.LogoutFilter.doFilter(LogoutFilter.java:107) ~[spring-security-web-6.3.1.jar:6.3.1]
	at org.springframework.security.web.authentication.logout.LogoutFilter.doFilter(LogoutFilter.java:93) ~[spring-security-web-6.3.1.jar:6.3.1]
	at org.springframework.security.web.FilterChainProxy$VirtualFilterChain.doFilter(FilterChainProxy.java:374) ~[spring-security-web-6.3.1.jar:6.3.1]
	at org.springframework.web.filter.CorsFilter.doFilterInternal(CorsFilter.java:91) ~[spring-web-6.1.11.jar:6.1.11]
	at org.springframework.web.filter.OncePerRequestFilter.doFilter(OncePerRequestFilter.java:116) ~[spring-web-6.1.11.jar:6.1.11]
	at org.springframework.security.web.FilterChainProxy$VirtualFilterChain.doFilter(FilterChainProxy.java:374) ~[spring-security-web-6.3.1.jar:6.3.1]
	at org.springframework.security.web.header.HeaderWriterFilter.doHeadersAfter(HeaderWriterFilter.java:90) ~[spring-security-web-6.3.1.jar:6.3.1]
	at org.springframework.security.web.header.HeaderWriterFilter.doFilterInternal(HeaderWriterFilter.java:75) ~[spring-security-web-6.3.1.jar:6.3.1]
	at org.springframework.web.filter.OncePerRequestFilter.doFilter(OncePerRequestFilter.java:116) ~[spring-web-6.1.11.jar:6.1.11]
	at org.springframework.security.web.FilterChainProxy$VirtualFilterChain.doFilter(FilterChainProxy.java:374) ~[spring-security-web-6.3.1.jar:6.3.1]
	at org.springframework.security.web.context.SecurityContextHolderFilter.doFilter(SecurityContextHolderFilter.java:82) ~[spring-security-web-6.3.1.jar:6.3.1]
	at org.springframework.security.web.context.SecurityContextHolderFilter.doFilter(SecurityContextHolderFilter.java:69) ~[spring-security-web-6.3.1.jar:6.3.1]
	at org.springframework.security.web.FilterChainProxy$VirtualFilterChain.doFilter(FilterChainProxy.java:374) ~[spring-security-web-6.3.1.jar:6.3.1]
	at org.springframework.security.web.context.request.async.WebAsyncManagerIntegrationFilter.doFilterInternal(WebAsyncManagerIntegrationFilter.java:62) ~[spring-security-web-6.3.1.jar:6.3.1]
	at org.springframework.web.filter.OncePerRequestFilter.doFilter(OncePerRequestFilter.java:116) ~[spring-web-6.1.11.jar:6.1.11]
	at org.springframework.security.web.FilterChainProxy$VirtualFilterChain.doFilter(FilterChainProxy.java:374) ~[spring-security-web-6.3.1.jar:6.3.1]
	at org.springframework.security.web.session.DisableEncodeUrlFilter.doFilterInternal(DisableEncodeUrlFilter.java:42) ~[spring-security-web-6.3.1.jar:6.3.1]
	at org.springframework.web.filter.OncePerRequestFilter.doFilter(OncePerRequestFilter.java:116) ~[spring-web-6.1.11.jar:6.1.11]
	at org.springframework.security.web.FilterChainProxy$VirtualFilterChain.doFilter(FilterChainProxy.java:374) ~[spring-security-web-6.3.1.jar:6.3.1]
	at org.springframework.security.web.FilterChainProxy.doFilterInternal(FilterChainProxy.java:233) ~[spring-security-web-6.3.1.jar:6.3.1]
	at org.springframework.security.web.FilterChainProxy.doFilter(FilterChainProxy.java:191) ~[spring-security-web-6.3.1.jar:6.3.1]
	at org.springframework.web.filter.CompositeFilter$VirtualFilterChain.doFilter(CompositeFilter.java:113) ~[spring-web-6.1.11.jar:6.1.11]
	at org.springframework.web.servlet.handler.HandlerMappingIntrospector.lambda$createCacheFilter$3(HandlerMappingIntrospector.java:195) ~[spring-webmvc-6.1.11.jar:6.1.11]
	at org.springframework.web.filter.CompositeFilter$VirtualFilterChain.doFilter(CompositeFilter.java:113) ~[spring-web-6.1.11.jar:6.1.11]
	at org.springframework.web.filter.CompositeFilter.doFilter(CompositeFilter.java:74) ~[spring-web-6.1.11.jar:6.1.11]
	at org.springframework.security.config.annotation.web.configuration.WebMvcSecurityConfiguration$CompositeFilterChainProxy.doFilter(WebMvcSecurityConfiguration.java:230) ~[spring-security-config-6.3.1.jar:6.3.1]
	at org.springframework.web.filter.DelegatingFilterProxy.invokeDelegate(DelegatingFilterProxy.java:352) ~[spring-web-6.1.11.jar:6.1.11]
	at org.springframework.web.filter.DelegatingFilterProxy.doFilter(DelegatingFilterProxy.java:268) ~[spring-web-6.1.11.jar:6.1.11]
	at org.apache.catalina.core.ApplicationFilterChain.internalDoFilter(ApplicationFilterChain.java:164) ~[tomcat-embed-core-10.1.26.jar:10.1.26]
	at org.apache.catalina.core.ApplicationFilterChain.doFilter(ApplicationFilterChain.java:140) ~[tomcat-embed-core-10.1.26.jar:10.1.26]
	at org.springframework.web.filter.RequestContextFilter.doFilterInternal(RequestContextFilter.java:100) ~[spring-web-6.1.11.jar:6.1.11]
	at org.springframework.web.filter.OncePerRequestFilter.doFilter(OncePerRequestFilter.java:116) ~[spring-web-6.1.11.jar:6.1.11]
	at org.apache.catalina.core.ApplicationFilterChain.internalDoFilter(ApplicationFilterChain.java:164) ~[tomcat-embed-core-10.1.26.jar:10.1.26]
	at org.apache.catalina.core.ApplicationFilterChain.doFilter(ApplicationFilterChain.java:140) ~[tomcat-embed-core-10.1.26.jar:10.1.26]
	at org.springframework.web.filter.FormContentFilter.doFilterInternal(FormContentFilter.java:93) ~[spring-web-6.1.11.jar:6.1.11]
	at org.springframework.web.filter.OncePerRequestFilter.doFilter(OncePerRequestFilter.java:116) ~[spring-web-6.1.11.jar:6.1.11]
	at org.apache.catalina.core.ApplicationFilterChain.internalDoFilter(ApplicationFilterChain.java:164) ~[tomcat-embed-core-10.1.26.jar:10.1.26]
	at org.apache.catalina.core.ApplicationFilterChain.doFilter(ApplicationFilterChain.java:140) ~[tomcat-embed-core-10.1.26.jar:10.1.26]
	at org.springframework.web.filter.CharacterEncodingFilter.doFilterInternal(CharacterEncodingFilter.java:201) ~[spring-web-6.1.11.jar:6.1.11]
	at org.springframework.web.filter.OncePerRequestFilter.doFilter(OncePerRequestFilter.java:116) ~[spring-web-6.1.11.jar:6.1.11]
	at org.apache.catalina.core.ApplicationFilterChain.internalDoFilter(ApplicationFilterChain.java:164) ~[tomcat-embed-core-10.1.26.jar:10.1.26]
	at org.apache.catalina.core.ApplicationFilterChain.doFilter(ApplicationFilterChain.java:140) ~[tomcat-embed-core-10.1.26.jar:10.1.26]
	at org.apache.catalina.core.StandardWrapperValve.invoke(StandardWrapperValve.java:167) ~[tomcat-embed-core-10.1.26.jar:10.1.26]
	at org.apache.catalina.core.StandardContextValve.invoke(StandardContextValve.java:90) ~[tomcat-embed-core-10.1.26.jar:10.1.26]
	at org.apache.catalina.authenticator.AuthenticatorBase.invoke(AuthenticatorBase.java:483) ~[tomcat-embed-core-10.1.26.jar:10.1.26]
	at org.apache.catalina.core.StandardHostValve.invoke(StandardHostValve.java:115) ~[tomcat-embed-core-10.1.26.jar:10.1.26]
	at org.apache.catalina.valves.ErrorReportValve.invoke(ErrorReportValve.java:93) ~[tomcat-embed-core-10.1.26.jar:10.1.26]
	at org.apache.catalina.core.StandardEngineValve.invoke(StandardEngineValve.java:74) ~[tomcat-embed-core-10.1.26.jar:10.1.26]
	at org.apache.catalina.connector.CoyoteAdapter.service(CoyoteAdapter.java:344) ~[tomcat-embed-core-10.1.26.jar:10.1.26]
	at org.apache.coyote.http11.Http11Processor.service(Http11Processor.java:389) ~[tomcat-embed-core-10.1.26.jar:10.1.26]
	at org.apache.coyote.AbstractProcessorLight.process(AbstractProcessorLight.java:63) ~[tomcat-embed-core-10.1.26.jar:10.1.26]
	at org.apache.coyote.AbstractProtocol$ConnectionHandler.process(AbstractProtocol.java:904) ~[tomcat-embed-core-10.1.26.jar:10.1.26]
	at org.apache.tomcat.util.net.NioEndpoint$SocketProcessor.doRun(NioEndpoint.java:1741) ~[tomcat-embed-core-10.1.26.jar:10.1.26]
	at org.apache.tomcat.util.net.SocketProcessorBase.run(SocketProcessorBase.java:52) ~[tomcat-embed-core-10.1.26.jar:10.1.26]
	at org.apache.tomcat.util.threads.ThreadPoolExecutor.runWorker(ThreadPoolExecutor.java:1190) ~[tomcat-embed-core-10.1.26.jar:10.1.26]
	at org.apache.tomcat.util.threads.ThreadPoolExecutor$Worker.run(ThreadPoolExecutor.java:659) ~[tomcat-embed-core-10.1.26.jar:10.1.26]
	at org.apache.tomcat.util.threads.TaskThread$WrappingRunnable.run(TaskThread.java:63) ~[tomcat-embed-core-10.1.26.jar:10.1.26]
	at java.base/java.lang.Thread.run(Thread.java:1583) ~[na:na]

2024-11-05T20:54:24.709-03:00  INFO 44564 --- [authserver] [SpringApplicationShutdownHook] j.LocalContainerEntityManagerFactoryBean : Closing JPA EntityManagerFactory for persistence unit 'default'
2024-11-05T20:54:25.498-03:00  INFO 44564 --- [authserver] [SpringApplicationShutdownHook] com.zaxxer.hikari.HikariDataSource       : HikariPool-1 - Shutdown initiated...
2024-11-05T20:55:39.147-03:00  INFO 37796 --- [authserver] [main] b.p.authserver.AuthserverApplicationKt   : Starting AuthserverApplicationKt using Java 21.0.4 with PID 37796 (C:\Users\julia\Downloads\authserver09_jwt\build\classes\kotlin\main started by julia in C:\Users\julia\Downloads\authserver09_jwt)
2024-11-05T20:55:39.167-03:00  INFO 37796 --- [authserver] [main] b.p.authserver.AuthserverApplicationKt   : No active profile set, falling back to 1 default profile: "default"
2024-11-05T20:55:50.394-03:00  INFO 16704 --- [authserver] [main] b.p.authserver.AuthserverApplicationKt   : Starting AuthserverApplicationKt using Java 21.0.4 with PID 16704 (C:\Users\julia\Downloads\authserver09_jwt\build\classes\kotlin\main started by julia in C:\Users\julia\Downloads\authserver09_jwt)
2024-11-05T20:55:50.407-03:00  INFO 16704 --- [authserver] [main] b.p.authserver.AuthserverApplicationKt   : No active profile set, falling back to 1 default profile: "default"
2024-11-05T20:55:52.180-03:00  INFO 37796 --- [authserver] [main] .s.d.r.c.RepositoryConfigurationDelegate : Bootstrapping Spring Data JPA repositories in DEFAULT mode.
2024-11-05T20:55:52.851-03:00  INFO 37796 --- [authserver] [main] .s.d.r.c.RepositoryConfigurationDelegate : Finished Spring Data repository scanning in 602 ms. Found 4 JPA repository interfaces.
2024-11-05T20:56:00.619-03:00  INFO 37796 --- [authserver] [main] o.s.b.w.embedded.tomcat.TomcatWebServer  : Tomcat initialized with port 8080 (http)
2024-11-05T20:56:00.686-03:00  INFO 37796 --- [authserver] [main] o.apache.catalina.core.StandardService   : Starting service [Tomcat]
2024-11-05T20:56:00.687-03:00  INFO 37796 --- [authserver] [main] o.apache.catalina.core.StandardEngine    : Starting Servlet engine: [Apache Tomcat/10.1.26]
2024-11-05T20:56:01.580-03:00  INFO 37796 --- [authserver] [main] o.a.c.c.C.[Tomcat].[localhost].[/api]    : Initializing Spring embedded WebApplicationContext
2024-11-05T20:56:01.581-03:00  INFO 37796 --- [authserver] [main] w.s.c.ServletWebServerApplicationContext : Root WebApplicationContext: initialization completed in 20467 ms
2024-11-05T20:56:01.842-03:00  INFO 37796 --- [authserver] [main] com.zaxxer.hikari.HikariDataSource       : HikariPool-1 - Starting...
2024-11-05T20:56:02.741-03:00  INFO 16704 --- [authserver] [main] .s.d.r.c.RepositoryConfigurationDelegate : Bootstrapping Spring Data JPA repositories in DEFAULT mode.
2024-11-05T20:56:03.265-03:00  INFO 37796 --- [authserver] [main] com.zaxxer.hikari.pool.HikariPool        : HikariPool-1 - Added connection conn0: url=jdbc:h2:mem:db user=SA
2024-11-05T20:56:03.319-03:00  INFO 37796 --- [authserver] [main] com.zaxxer.hikari.HikariDataSource       : HikariPool-1 - Start completed.
2024-11-05T20:56:03.310-03:00  INFO 16704 --- [authserver] [main] .s.d.r.c.RepositoryConfigurationDelegate : Finished Spring Data repository scanning in 491 ms. Found 4 JPA repository interfaces.
2024-11-05T20:56:03.460-03:00  INFO 37796 --- [authserver] [main] o.s.b.a.h2.H2ConsoleAutoConfiguration    : H2 console available at '/h2-console'. Database available at 'jdbc:h2:mem:db'
2024-11-05T20:56:04.786-03:00  INFO 37796 --- [authserver] [main] o.hibernate.jpa.internal.util.LogHelper  : HHH000204: Processing PersistenceUnitInfo [name: default]
2024-11-05T20:56:08.531-03:00  INFO 16704 --- [authserver] [main] o.s.b.w.embedded.tomcat.TomcatWebServer  : Tomcat initialized with port 8080 (http)
2024-11-05T20:56:08.594-03:00  INFO 16704 --- [authserver] [main] o.apache.catalina.core.StandardService   : Starting service [Tomcat]
2024-11-05T20:56:08.595-03:00  INFO 16704 --- [authserver] [main] o.apache.catalina.core.StandardEngine    : Starting Servlet engine: [Apache Tomcat/10.1.26]
2024-11-05T20:56:08.977-03:00  INFO 16704 --- [authserver] [main] o.a.c.c.C.[Tomcat].[localhost].[/api]    : Initializing Spring embedded WebApplicationContext
2024-11-05T20:56:08.978-03:00  INFO 16704 --- [authserver] [main] w.s.c.ServletWebServerApplicationContext : Root WebApplicationContext: initialization completed in 17872 ms
2024-11-05T20:56:09.108-03:00  INFO 16704 --- [authserver] [main] com.zaxxer.hikari.HikariDataSource       : HikariPool-1 - Starting...
2024-11-05T20:56:11.168-03:00  INFO 16704 --- [authserver] [main] com.zaxxer.hikari.pool.HikariPool        : HikariPool-1 - Added connection conn0: url=jdbc:h2:mem:db user=SA
2024-11-05T20:56:11.178-03:00  INFO 16704 --- [authserver] [main] com.zaxxer.hikari.HikariDataSource       : HikariPool-1 - Start completed.
2024-11-05T20:56:11.234-03:00  INFO 16704 --- [authserver] [main] o.s.b.a.h2.H2ConsoleAutoConfiguration    : H2 console available at '/h2-console'. Database available at 'jdbc:h2:mem:db'
2024-11-05T20:56:12.189-03:00  INFO 37796 --- [authserver] [main] org.hibernate.Version                    : HHH000412: Hibernate ORM core version 6.5.2.Final
2024-11-05T20:56:12.450-03:00  INFO 16704 --- [authserver] [main] o.hibernate.jpa.internal.util.LogHelper  : HHH000204: Processing PersistenceUnitInfo [name: default]
2024-11-05T20:56:12.620-03:00  INFO 37796 --- [authserver] [main] o.h.c.internal.RegionFactoryInitiator    : HHH000026: Second-level cache disabled
2024-11-05T20:56:15.448-03:00  INFO 37796 --- [authserver] [main] o.s.o.j.p.SpringPersistenceUnitInfo      : No LoadTimeWeaver setup: ignoring JPA class transformer
2024-11-05T20:56:16.002-03:00  INFO 16704 --- [authserver] [main] org.hibernate.Version                    : HHH000412: Hibernate ORM core version 6.5.2.Final
2024-11-05T20:56:16.265-03:00  INFO 16704 --- [authserver] [main] o.h.c.internal.RegionFactoryInitiator    : HHH000026: Second-level cache disabled
2024-11-05T20:56:19.252-03:00  INFO 16704 --- [authserver] [main] o.s.o.j.p.SpringPersistenceUnitInfo      : No LoadTimeWeaver setup: ignoring JPA class transformer
2024-11-05T20:56:22.051-03:00  INFO 37796 --- [authserver] [main] o.h.e.t.j.p.i.JtaPlatformInitiator       : HHH000489: No JTA platform available (set 'hibernate.transaction.jta.platform' to enable JTA platform integration)
2024-11-05T20:56:22.574-03:00  INFO 37796 --- [authserver] [main] j.LocalContainerEntityManagerFactoryBean : Initialized JPA EntityManagerFactory for persistence unit 'default'
2024-11-05T20:56:32.281-03:00  INFO 37796 --- [authserver] [main] o.s.d.j.r.query.QueryEnhancerFactory     : Hibernate is in classpath; If applicable, HQL parser will be used.
2024-11-05T20:56:32.846-03:00  INFO 16704 --- [authserver] [main] o.h.e.t.j.p.i.JtaPlatformInitiator       : HHH000489: No JTA platform available (set 'hibernate.transaction.jta.platform' to enable JTA platform integration)
2024-11-05T20:56:33.399-03:00  INFO 16704 --- [authserver] [main] j.LocalContainerEntityManagerFactoryBean : Initialized JPA EntityManagerFactory for persistence unit 'default'
2024-11-05T20:56:37.700-03:00  WARN 37796 --- [authserver] [main] JpaBaseConfiguration$JpaWebConfiguration : spring.jpa.open-in-view is enabled by default. Therefore, database queries may be performed during view rendering. Explicitly configure spring.jpa.open-in-view to disable this warning
2024-11-05T20:56:38.847-03:00  INFO 16704 --- [authserver] [main] o.s.d.j.r.query.QueryEnhancerFactory     : Hibernate is in classpath; If applicable, HQL parser will be used.
2024-11-05T20:56:39.809-03:00  WARN 37796 --- [authserver] [main] .s.s.UserDetailsServiceAutoConfiguration : 

Using generated security password: dd0af011-7e80-4a9c-9243-0a32c501c69a

This generated password is for development use only. Your security configuration must be updated before running your application in production.

2024-11-05T20:56:39.981-03:00  INFO 37796 --- [authserver] [main] r$InitializeUserDetailsManagerConfigurer : Global AuthenticationManager configured with UserDetailsService bean with name inMemoryUserDetailsManager
2024-11-05T20:56:43.378-03:00  INFO 37796 --- [authserver] [main] o.s.b.w.embedded.tomcat.TomcatWebServer  : Tomcat started on port 8080 (http) with context path '/api'
2024-11-05T20:56:44.266-03:00  WARN 16704 --- [authserver] [main] JpaBaseConfiguration$JpaWebConfiguration : spring.jpa.open-in-view is enabled by default. Therefore, database queries may be performed during view rendering. Explicitly configure spring.jpa.open-in-view to disable this warning
2024-11-05T20:56:45.402-03:00  INFO 37796 --- [authserver] [main] br.pucpr.authserver.Bootstrapper         : ADMIN and USER roles created!
2024-11-05T20:56:45.841-03:00  INFO 37796 --- [authserver] [main] br.pucpr.authserver.Bootstrapper         : ADMIN user created!
2024-11-05T20:56:45.977-03:00  INFO 37796 --- [authserver] [main] b.p.authserver.AuthserverApplicationKt   : Started AuthserverApplicationKt in 71.815 seconds (process running for 76.075)
2024-11-05T20:56:46.669-03:00  WARN 16704 --- [authserver] [main] .s.s.UserDetailsServiceAutoConfiguration : 

Using generated security password: ebe3ed7b-0bd6-438b-9538-e187ae723b3d

This generated password is for development use only. Your security configuration must be updated before running your application in production.

2024-11-05T20:56:46.828-03:00  INFO 16704 --- [authserver] [main] r$InitializeUserDetailsManagerConfigurer : Global AuthenticationManager configured with UserDetailsService bean with name inMemoryUserDetailsManager
2024-11-05T20:56:48.649-03:00  WARN 16704 --- [authserver] [main] ConfigServletWebServerApplicationContext : Exception encountered during context initialization - cancelling refresh attempt: org.springframework.context.ApplicationContextException: Failed to start bean 'webServerStartStop'
2024-11-05T20:56:48.657-03:00  INFO 16704 --- [authserver] [main] j.LocalContainerEntityManagerFactoryBean : Closing JPA EntityManagerFactory for persistence unit 'default'
2024-11-05T20:56:48.690-03:00  INFO 16704 --- [authserver] [main] com.zaxxer.hikari.HikariDataSource       : HikariPool-1 - Shutdown initiated...
2024-11-05T20:56:48.722-03:00  INFO 16704 --- [authserver] [main] com.zaxxer.hikari.HikariDataSource       : HikariPool-1 - Shutdown completed.
2024-11-05T20:56:48.833-03:00  INFO 16704 --- [authserver] [main] .s.b.a.l.ConditionEvaluationReportLogger : 

Error starting ApplicationContext. To display the condition evaluation report re-run your application with 'debug' enabled.
2024-11-05T20:56:49.118-03:00 ERROR 16704 --- [authserver] [main] o.s.b.d.LoggingFailureAnalysisReporter   : 

***************************
APPLICATION FAILED TO START
***************************

Description:

Web server failed to start. Port 8080 was already in use.

Action:

Identify and stop the process that's listening on port 8080 or configure this application to listen on another port.

2024-11-05T20:57:52.274-03:00  INFO 37796 --- [authserver] [SpringApplicationShutdownHook] j.LocalContainerEntityManagerFactoryBean : Closing JPA EntityManagerFactory for persistence unit 'default'
2024-11-05T20:57:52.336-03:00  INFO 37796 --- [authserver] [SpringApplicationShutdownHook] com.zaxxer.hikari.HikariDataSource       : HikariPool-1 - Shutdown initiated...
2024-11-05T20:57:52.360-03:00  INFO 37796 --- [authserver] [SpringApplicationShutdownHook] com.zaxxer.hikari.HikariDataSource       : HikariPool-1 - Shutdown completed.
2024-11-05T21:01:02.456-03:00  INFO 35040 --- [authserver] [main] b.p.authserver.AuthserverApplicationKt   : Starting AuthserverApplicationKt using Java 21.0.4 with PID 35040 (C:\Users\julia\Downloads\authserver09_jwt\build\classes\kotlin\main started by julia in C:\Users\julia\Downloads\authserver09_jwt)
2024-11-05T21:01:02.465-03:00  INFO 35040 --- [authserver] [main] b.p.authserver.AuthserverApplicationKt   : No active profile set, falling back to 1 default profile: "default"
2024-11-05T21:01:09.805-03:00  INFO 35040 --- [authserver] [main] .s.d.r.c.RepositoryConfigurationDelegate : Bootstrapping Spring Data JPA repositories in DEFAULT mode.
2024-11-05T21:01:10.163-03:00  INFO 35040 --- [authserver] [main] .s.d.r.c.RepositoryConfigurationDelegate : Finished Spring Data repository scanning in 319 ms. Found 4 JPA repository interfaces.
2024-11-05T21:01:13.992-03:00  INFO 35040 --- [authserver] [main] o.s.b.w.embedded.tomcat.TomcatWebServer  : Tomcat initialized with port 8080 (http)
2024-11-05T21:01:14.057-03:00  INFO 35040 --- [authserver] [main] o.apache.catalina.core.StandardService   : Starting service [Tomcat]
2024-11-05T21:01:14.059-03:00  INFO 35040 --- [authserver] [main] o.apache.catalina.core.StandardEngine    : Starting Servlet engine: [Apache Tomcat/10.1.26]
2024-11-05T21:01:14.397-03:00  INFO 35040 --- [authserver] [main] o.a.c.c.C.[Tomcat].[localhost].[/api]    : Initializing Spring embedded WebApplicationContext
2024-11-05T21:01:14.398-03:00  INFO 35040 --- [authserver] [main] w.s.c.ServletWebServerApplicationContext : Root WebApplicationContext: initialization completed in 11566 ms
2024-11-05T21:01:14.526-03:00  INFO 35040 --- [authserver] [main] com.zaxxer.hikari.HikariDataSource       : HikariPool-1 - Starting...
2024-11-05T21:01:15.551-03:00  INFO 35040 --- [authserver] [main] com.zaxxer.hikari.pool.HikariPool        : HikariPool-1 - Added connection conn0: url=jdbc:h2:mem:db user=SA
2024-11-05T21:01:15.558-03:00  INFO 35040 --- [authserver] [main] com.zaxxer.hikari.HikariDataSource       : HikariPool-1 - Start completed.
2024-11-05T21:01:15.592-03:00  INFO 35040 --- [authserver] [main] o.s.b.a.h2.H2ConsoleAutoConfiguration    : H2 console available at '/h2-console'. Database available at 'jdbc:h2:mem:db'
2024-11-05T21:01:17.188-03:00  INFO 35040 --- [authserver] [main] o.hibernate.jpa.internal.util.LogHelper  : HHH000204: Processing PersistenceUnitInfo [name: default]
2024-11-05T21:01:17.631-03:00  INFO 35040 --- [authserver] [main] org.hibernate.Version                    : HHH000412: Hibernate ORM core version 6.5.2.Final
2024-11-05T21:01:17.864-03:00  INFO 35040 --- [authserver] [main] o.h.c.internal.RegionFactoryInitiator    : HHH000026: Second-level cache disabled
2024-11-05T21:01:19.363-03:00  INFO 35040 --- [authserver] [main] o.s.o.j.p.SpringPersistenceUnitInfo      : No LoadTimeWeaver setup: ignoring JPA class transformer
2024-11-05T21:01:23.851-03:00  INFO 35040 --- [authserver] [main] o.h.e.t.j.p.i.JtaPlatformInitiator       : HHH000489: No JTA platform available (set 'hibernate.transaction.jta.platform' to enable JTA platform integration)
2024-11-05T21:01:24.118-03:00  INFO 35040 --- [authserver] [main] j.LocalContainerEntityManagerFactoryBean : Initialized JPA EntityManagerFactory for persistence unit 'default'
2024-11-05T21:01:26.313-03:00  INFO 35040 --- [authserver] [main] o.s.d.j.r.query.QueryEnhancerFactory     : Hibernate is in classpath; If applicable, HQL parser will be used.
2024-11-05T21:01:28.796-03:00  WARN 35040 --- [authserver] [main] JpaBaseConfiguration$JpaWebConfiguration : spring.jpa.open-in-view is enabled by default. Therefore, database queries may be performed during view rendering. Explicitly configure spring.jpa.open-in-view to disable this warning
2024-11-05T21:01:29.994-03:00  WARN 35040 --- [authserver] [main] .s.s.UserDetailsServiceAutoConfiguration : 

Using generated security password: aeb9c1ed-1e7e-464b-ae03-7f0a9f83552a

This generated password is for development use only. Your security configuration must be updated before running your application in production.

2024-11-05T21:01:30.095-03:00  INFO 35040 --- [authserver] [main] r$InitializeUserDetailsManagerConfigurer : Global AuthenticationManager configured with UserDetailsService bean with name inMemoryUserDetailsManager
2024-11-05T21:01:31.782-03:00  INFO 35040 --- [authserver] [main] o.s.b.w.embedded.tomcat.TomcatWebServer  : Tomcat started on port 8080 (http) with context path '/api'
2024-11-05T21:01:32.656-03:00  INFO 35040 --- [authserver] [main] br.pucpr.authserver.Bootstrapper         : ADMIN and USER roles created!
2024-11-05T21:01:32.748-03:00  INFO 35040 --- [authserver] [main] br.pucpr.authserver.Bootstrapper         : ADMIN user created!
2024-11-05T21:01:32.754-03:00  INFO 35040 --- [authserver] [main] b.p.authserver.AuthserverApplicationKt   : Started AuthserverApplicationKt in 33.508 seconds (process running for 36.552)
2024-11-05T21:02:16.330-03:00  INFO 35040 --- [authserver] [http-nio-8080-exec-1] o.a.c.c.C.[Tomcat].[localhost].[/api]    : Initializing Spring DispatcherServlet 'dispatcherServlet'
2024-11-05T21:02:16.332-03:00  INFO 35040 --- [authserver] [http-nio-8080-exec-1] o.s.web.servlet.DispatcherServlet        : Initializing Servlet 'dispatcherServlet'
2024-11-05T21:02:16.335-03:00  INFO 35040 --- [authserver] [http-nio-8080-exec-1] o.s.web.servlet.DispatcherServlet        : Completed initialization in 3 ms
2024-11-05T21:02:21.463-03:00  INFO 35040 --- [authserver] [http-nio-8080-exec-10] o.springdoc.api.AbstractOpenApiResource  : Init duration for springdoc-openapi is: 3156 ms
2024-11-05T21:02:46.945-03:00  INFO 35040 --- [authserver] [http-nio-8080-exec-6] br.pucpr.authserver.users.UserService    : User logged in. id=1 name=Administrador
2024-11-05T21:03:50.892-03:00  INFO 35040 --- [authserver] [http-nio-8080-exec-10] b.p.authserver.products.ProductService   : Product Coffee updated!
2024-11-05T21:05:41.388-03:00  INFO 35040 --- [authserver] [http-nio-8080-exec-6] b.pucpr.authserver.orders.OrderService   : Product Tea was added to order 1
2024-11-05T21:06:04.510-03:00  INFO 35040 --- [authserver] [http-nio-8080-exec-7] b.pucpr.authserver.orders.OrderService   : Product Coffee was removed from order 1
2024-11-05T21:07:03.437-03:00  INFO 35040 --- [authserver] [SpringApplicationShutdownHook] j.LocalContainerEntityManagerFactoryBean : Closing JPA EntityManagerFactory for persistence unit 'default'
2024-11-05T21:07:03.497-03:00  INFO 35040 --- [authserver] [SpringApplicationShutdownHook] com.zaxxer.hikari.HikariDataSource       : HikariPool-1 - Shutdown initiated...
2024-11-05T21:07:03.513-03:00  INFO 35040 --- [authserver] [SpringApplicationShutdownHook] com.zaxxer.hikari.HikariDataSource       : HikariPool-1 - Shutdown completed.
